#
# There is insufficient memory for the Java Runtime Environment to continue.
# Native memory allocation (mmap) failed to map 134217728 bytes for Failed to commit area from 0x0000000081600000 to 0x0000000089600000 of length 134217728.
# Possible reasons:
#   The system is out of physical RAM or swap space
#   The process is running with CompressedOops enabled, and the Java Heap may be blocking the growth of the native heap
# Possible solutions:
#   Reduce memory load on the system
#   Increase physical memory or swap space
#   Check if swap backing store is full
#   Decrease Java heap size (-Xmx/-Xms)
#   Decrease number of Java threads
#   Decrease Java thread stack sizes (-Xss)
#   Set larger code cache with -XX:ReservedCodeCacheSize=
# This output file may be truncated or incomplete.
#
#  Out of Memory Error (./src/hotspot/os/windows/os_windows.cpp:3303), pid=7412, tid=3872
#
# JRE version:  (11.0.9+11) (build )
# Java VM: OpenJDK 64-Bit Server VM (11.0.9+11, mixed mode, sharing, tiered, compressed oops, g1 gc, windows-amd64)
# No core dump will be written. Minidumps are not enabled by default on client versions of Windows
#

---------------  S U M M A R Y ------------

Command Line: -agentlib:jdwp=transport=dt_socket,suspend=y,address=localhost:65063 -javaagent:C:\pleiades\eclipse\configuration\org.eclipse.osgi\1234\0\.cp\lib\javaagent-shaded.jar -Dfile.encoding=UTF-8 CashRegister

Host: Intel(R) Core(TM) i5-5300U CPU @ 2.30GHz, 4 cores, 7G,  Windows 10 , 64 bit Build 19041 (10.0.19041.1151)
Time: Wed Aug 18 16:33:35 2021 “Œ‹ž (•W€Žž) elapsed time: 0.299764 seconds (0d 0h 0m 0s)

---------------  T H R E A D  ---------------

Current thread (0x00000235f99d5000):  JavaThread "Unknown thread" [_thread_in_vm, id=3872, stack(0x00000067b7200000,0x00000067b7300000)]

Stack: [0x00000067b7200000,0x00000067b7300000]
Native frames: (J=compiled Java code, j=interpreted, Vv=VM code, C=native code)
V  [jvm.dll+0x5f465a]
V  [jvm.dll+0x77c78e]
V  [jvm.dll+0x77de5f]
V  [jvm.dll+0x77e523]
V  [jvm.dll+0x2477c8]
V  [jvm.dll+0x5f18ba]
V  [jvm.dll+0x5e6505]
V  [jvm.dll+0x2fca8c]
V  [jvm.dll+0x2fc912]
V  [jvm.dll+0x3015c6]
V  [jvm.dll+0x345e3f]
V  [jvm.dll+0x345870]
V  [jvm.dll+0x2d9ce8]
V  [jvm.dll+0x2dae36]
V  [jvm.dll+0x758137]
V  [jvm.dll+0x7598bf]
V  [jvm.dll+0x352c39]
V  [jvm.dll+0x73b3c0]
V  [jvm.dll+0x3ba30f]
V  [jvm.dll+0x3bc7b1]
C  [jli.dll+0x520b]
C  [ucrtbase.dll+0x21bb2]
C  [KERNEL32.DLL+0x17034]
C  [ntdll.dll+0x52651]


---------------  P R O C E S S  ---------------

Threads class SMR info:
_java_thread_list=0x00000235f80ff760, length=0, elements={
}

Java Threads: ( => current thread )

Other Threads:
  0x00000235f99ef000 GCTaskThread "GC Thread#0" [stack: 0x00000067b7300000,0x00000067b7400000] [id=9416]
  0x00000235f9a22800 ConcurrentGCThread "G1 Main Marker" [stack: 0x00000067b7400000,0x00000067b7500000] [id=7512]
  0x00000235f9a25800 ConcurrentGCThread "G1 Conc#0" [stack: 0x00000067b7500000,0x00000067b7600000] [id=768]

[error occurred during error reporting (printing all threads), id 0xc0000005, EXCEPTION_ACCESS_VIOLATION (0xc0000005) at pc=0x00007ffeb6429367]

VM state:not at safepoint (not fully initialized)

VM Mutex/Monitor currently owned by a thread:  ([mutex/lock_event])
[0x00000235f99d2310] Heap_lock - owner thread: 0x00000235f99d5000

Heap address: 0x0000000081600000, size: 2026 MB, Compressed Oops mode: Non-zero based: 0x0000000081600000
Narrow klass base: 0x0000000000000000, Narrow klass shift: 0

GC Heap History (0 events):
No events

Deoptimization events (0 events):
No events

Classes redefined (0 events):
No events

Internal exceptions (0 events):
No events

Events (1 events):
Event: 0.013 Loaded shared library C:\pleiades\java\11\bin\zip.dll


Dynamic libraries:
0x00007ff65bf60000 - 0x00007ff65bf6d000 	C:\pleiades\java\11\bin\javaw.exe
0x00007ffef6430000 - 0x00007ffef6625000 	C:\Windows\SYSTEM32\ntdll.dll
0x00007ffef4740000 - 0x00007ffef47fd000 	C:\Windows\System32\KERNEL32.DLL
0x00007ffef41c0000 - 0x00007ffef4489000 	C:\Windows\System32\KERNELBASE.dll
0x00007ffef3ec0000 - 0x00007ffef3fc0000 	C:\Windows\System32\ucrtbase.dll
0x00007ffeece20000 - 0x00007ffeece37000 	C:\pleiades\java\11\bin\jli.dll
0x00007ffef45a0000 - 0x00007ffef4740000 	C:\Windows\System32\USER32.dll
0x00007ffef3ff0000 - 0x00007ffef4012000 	C:\Windows\System32\win32u.dll
0x00007ffef4940000 - 0x00007ffef496a000 	C:\Windows\System32\GDI32.dll
0x00007ffef3db0000 - 0x00007ffef3ebb000 	C:\Windows\System32\gdi32full.dll
0x00007ffef40d0000 - 0x00007ffef416d000 	C:\Windows\System32\msvcp_win.dll
0x00007ffeece40000 - 0x00007ffeece55000 	C:\pleiades\java\11\bin\VCRUNTIME140.dll
0x00007ffee7380000 - 0x00007ffee761a000 	C:\Windows\WinSxS\amd64_microsoft.windows.common-controls_6595b64144ccf1df_6.0.19041.1110_none_60b5254171f9507e\COMCTL32.dll
0x00007ffef6120000 - 0x00007ffef61be000 	C:\Windows\System32\msvcrt.dll
0x00007ffef44a0000 - 0x00007ffef44d0000 	C:\Windows\System32\IMM32.DLL
0x00007ffecb980000 - 0x00007ffecba1b000 	C:\pleiades\java\11\bin\msvcp140.dll
0x00007ffeb6140000 - 0x00007ffeb6c83000 	C:\pleiades\java\11\bin\server\jvm.dll
0x00007ffef5f90000 - 0x00007ffef603c000 	C:\Windows\System32\ADVAPI32.dll
0x00007ffef61c0000 - 0x00007ffef625b000 	C:\Windows\System32\sechost.dll
0x00007ffef5e60000 - 0x00007ffef5f8a000 	C:\Windows\System32\RPCRT4.dll
0x00007ffef4f00000 - 0x00007ffef4f08000 	C:\Windows\System32\PSAPI.DLL
0x00007ffeee950000 - 0x00007ffeee959000 	C:\Windows\SYSTEM32\WSOCK32.dll
0x00007ffef4970000 - 0x00007ffef49db000 	C:\Windows\System32\WS2_32.dll
0x00007ffee8b30000 - 0x00007ffee8b57000 	C:\Windows\SYSTEM32\WINMM.dll
0x00007ffeed520000 - 0x00007ffeed52a000 	C:\Windows\SYSTEM32\VERSION.dll
0x00007ffef1a70000 - 0x00007ffef1a82000 	C:\Windows\SYSTEM32\kernel.appcore.dll
0x00007ffeee940000 - 0x00007ffeee950000 	C:\pleiades\java\11\bin\verify.dll
0x00007ffeec1d0000 - 0x00007ffeec3b4000 	C:\Windows\SYSTEM32\DBGHELP.DLL
0x00007ffeec1a0000 - 0x00007ffeec1cc000 	C:\Windows\SYSTEM32\dbgcore.DLL
0x00007ffef3d20000 - 0x00007ffef3da3000 	C:\Windows\System32\bcryptPrimitives.dll
0x00007ffee2150000 - 0x00007ffee2178000 	C:\pleiades\java\11\bin\java.dll
0x00007ffeebcf0000 - 0x00007ffeebcfa000 	C:\pleiades\java\11\bin\jimage.dll
0x00007ffed99d0000 - 0x00007ffed9a08000 	C:\pleiades\java\11\bin\jdwp.dll
0x00007ffeee980000 - 0x00007ffeee98e000 	C:\pleiades\java\11\bin\instrument.dll
0x00007ffeeba10000 - 0x00007ffeeba27000 	C:\pleiades\java\11\bin\zip.dll

dbghelp: loaded successfully - version: 4.0.5 - missing functions: none
symbol engine: initialized successfully - sym options: 0x614 - pdb path: .;C:\pleiades\java\11\bin;C:\Windows\SYSTEM32;C:\Windows\WinSxS\amd64_microsoft.windows.common-controls_6595b64144ccf1df_6.0.19041.1110_none_60b5254171f9507e;C:\pleiades\java\11\bin\server

VM Arguments:
jvm_args: -agentlib:jdwp=transport=dt_socket,suspend=y,address=localhost:65063 -javaagent:C:\pleiades\eclipse\configuration\org.eclipse.osgi\1234\0\.cp\lib\javaagent-shaded.jar -Dfile.encoding=UTF-8 
java_command: CashRegister
java_class_path (initial): C:\workspace\CashRegister\bin
Launcher Type: SUN_STANDARD

[Global flags]
     intx CICompilerCount                          = 3                                         {product} {ergonomic}
     uint ConcGCThreads                            = 1                                         {product} {ergonomic}
     uint G1ConcRefinementThreads                  = 4                                         {product} {ergonomic}
   size_t G1HeapRegionSize                         = 1048576                                   {product} {ergonomic}
    uintx GCDrainStackTargetSize                   = 64                                        {product} {ergonomic}
   size_t InitialHeapSize                          = 134217728                                 {product} {ergonomic}
   size_t MarkStackSize                            = 4194304                                   {product} {ergonomic}
   size_t MaxHeapSize                              = 2124414976                                {product} {ergonomic}
   size_t MinHeapDeltaBytes                        = 1048576                                   {product} {ergonomic}
    uintx NonNMethodCodeHeapSize                   = 5830732                                {pd product} {ergonomic}
    uintx NonProfiledCodeHeapSize                  = 122913754                              {pd product} {ergonomic}
    uintx ProfiledCodeHeapSize                     = 122913754                              {pd product} {ergonomic}
    uintx ReservedCodeCacheSize                    = 251658240                              {pd product} {ergonomic}
     bool SegmentedCodeCache                       = true                                      {product} {ergonomic}
     bool UseCompressedClassPointers               = true                                 {lp64_product} {ergonomic}
     bool UseCompressedOops                        = true                                 {lp64_product} {ergonomic}
     bool UseG1GC                                  = true                                      {product} {ergonomic}
     bool UseLargePagesIndividualAllocation        = false                                  {pd product} {ergonomic}

Logging:
Log output configuration:
 #0: stdout all=warning uptime,level,tags
 #1: stderr all=off uptime,level,tags

Environment Variables:
PATH=C:/pleiades/eclipse//jre/bin/server;C:/pleiades/eclipse//jre/bin;C:\Windows\system32;C:\Windows;C:\Windows\System32\Wbem;C:\Windows\System32\WindowsPowerShell\v1.0\;C:\Windows\System32\OpenSSH\;C:\Users\user\AppData\Local\Microsoft\WindowsApps;;C:\Users\user\AppData\Local\Programs\Microsoft VS Code\bin;C:\pleiades\eclipse;
USERNAME=user
OS=Windows_NT
PROCESSOR_IDENTIFIER=Intel64 Family 6 Model 61 Stepping 4, GenuineIntel



---------------  S Y S T E M  ---------------

OS: Windows 10 , 64 bit Build 19041 (10.0.19041.1151)
OS uptime: 2 days 2:25 hours

CPU:total 4 (initial active 4) (2 cores per cpu, 2 threads per core) family 6 model 61 stepping 4, cmov, cx8, fxsr, mmx, sse, sse2, sse3, ssse3, sse4.1, sse4.2, popcnt, avx, avx2, aes, clmul, erms, rtm, 3dnowpref, lzcnt, ht, tsc, tscinvbit, bmi1, bmi2, adx, fma

Memory: 4k page, system-wide physical 8103M (2064M free)
TotalPageFile size 10151M (AvailPageFile size 27M)
current process WorkingSet (physical memory assigned to process): 10M, peak: 10M
current process commit charge ("private bytes"): 51M, peak: 179M

vm_info: OpenJDK 64-Bit Server VM (11.0.9+11) for windows-amd64 JRE (11.0.9+11), built on Oct 24 2020 15:15:35 by "" with MS VC++ 15.9 (VS2017)

END.
